
2023/02/07 09:10:05 [149109] building file list
2023/02/07 09:10:05 [149109] sent 197 bytes  received 17 bytes  total size 417517
2023/02/07 09:10:42 [149173] building file list
2023/02/07 09:10:42 [149173] .d..t...... ./
2023/02/07 09:10:42 [149173] >f+++++++++ apache_logs.txt
2023/02/07 09:10:42 [149173] >f+++++++++ example_log.log
2023/02/07 09:10:42 [149173] >f+++++++++ task_a.sh
2023/02/07 09:10:42 [149173] >f+++++++++ task_b.sh
2023/02/07 09:10:42 [149173] >f+++++++++ task_c.sh
2023/02/07 09:10:42 [149173] sent 418020 bytes  received 119 bytes  total size 417517
2023/02/07 09:11:22 [149232] building file list
2023/02/07 09:11:22 [149232] *deleting   added_directory/added.file
2023/02/07 09:11:22 [149232] *deleting   added_directory/
2023/02/07 09:11:22 [149232] .d..t...... ./
2023/02/07 09:11:22 [149232] sent 200 bytes  received 70 bytes  total size 417517
2023/02/07 09:12:15 [149290] building file list
2023/02/07 09:12:15 [149290] .d..t...... ./
2023/02/07 09:12:15 [149290] cd+++++++++ added_directory/
2023/02/07 09:12:15 [149290] >f+++++++++ added_directory/added.file
2023/02/07 09:12:15 [149290] sent 324 bytes  received 51 bytes  total size 417517
